0 verbose cli /usr/local/Cellar/node/25.6.0/bin/node /usr/local/bin/npm
1 info using npm@11.8.0
2 info using node@v25.6.0
3 silly config load:file:/usr/local/lib/node_modules/npm/npmrc
4 silly config load:file:/Users/inik/Documents/git/niks-crappy-dnd-compendium/.npmrc
5 silly config load:file:/Users/inik/.npmrc
6 silly config load:file:/usr/local/etc/npmrc
7 verbose title npm install jsdom
8 verbose argv "install" "jsdom" "--cache" "./.npm-cache" "--no-audit" "--no-fund"
9 verbose logfile logs-max:10 dir:/Users/inik/Documents/git/niks-crappy-dnd-compendium/.npm-cache/_logs/2026-05-31T04_55_10_449Z-
10 verbose logfile /Users/inik/Documents/git/niks-crappy-dnd-compendium/.npm-cache/_logs/2026-05-31T04_55_10_449Z-debug-0.log
11 silly logfile done cleaning log files
12 silly packumentCache heap:4496293888 maxSize:1124073472 maxEntrySize:562036736
13 silly idealTree buildDeps
14 silly fetch manifest jsdom@*
15 silly packumentCache full:https://registry.npmjs.org/jsdom cache-miss
16 http fetch GET 200 https://registry.npmjs.org/npm 283ms
17 http fetch GET 200 https://registry.npmjs.org/jsdom 254ms (cache miss)
18 silly packumentCache full:https://registry.npmjs.org/jsdom set size:undefined disposed:false
19 silly fetch manifest canvas@^3.0.0
20 silly packumentCache full:https://registry.npmjs.org/canvas cache-miss
21 http fetch GET 200 https://registry.npmjs.org/canvas 45ms (cache miss)
22 silly packumentCache full:https://registry.npmjs.org/canvas set size:undefined disposed:false
23 silly placeDep ROOT jsdom@29.1.1 OK for:  want: *
24 silly fetch manifest @asamuzakjp/css-color@^5.1.11
25 silly packumentCache full:https://registry.npmjs.org/@asamuzakjp%2fcss-color cache-miss
26 silly fetch manifest @asamuzakjp/dom-selector@^7.1.1
27 silly packumentCache full:https://registry.npmjs.org/@asamuzakjp%2fdom-selector cache-miss
28 silly fetch manifest @bramus/specificity@^2.4.2
29 silly packumentCache full:https://registry.npmjs.org/@bramus%2fspecificity cache-miss
30 silly fetch manifest @csstools/css-syntax-patches-for-csstree@^1.1.3
31 silly packumentCache full:https://registry.npmjs.org/@csstools%2fcss-syntax-patches-for-csstree cache-miss
32 silly fetch manifest @exodus/bytes@^1.15.0
33 silly packumentCache full:https://registry.npmjs.org/@exodus%2fbytes cache-miss
34 silly fetch manifest css-tree@^3.2.1
35 silly packumentCache full:https://registry.npmjs.org/css-tree cache-miss
36 silly fetch manifest data-urls@^7.0.0
37 silly packumentCache full:https://registry.npmjs.org/data-urls cache-miss
38 silly fetch manifest decimal.js@^10.6.0
39 silly packumentCache full:https://registry.npmjs.org/decimal.js cache-miss
40 silly fetch manifest html-encoding-sniffer@^6.0.0
41 silly packumentCache full:https://registry.npmjs.org/html-encoding-sniffer cache-miss
42 http fetch GET 200 https://registry.npmjs.org/@asamuzakjp%2fdom-selector 72ms (cache miss)
43 silly packumentCache full:https://registry.npmjs.org/@asamuzakjp%2fdom-selector set size:undefined disposed:false
44 silly fetch manifest is-potential-custom-element-name@^1.0.1
45 silly packumentCache full:https://registry.npmjs.org/is-potential-custom-element-name cache-miss
46 http fetch GET 200 https://registry.npmjs.org/@asamuzakjp%2fcss-color 122ms (cache miss)
47 silly packumentCache full:https://registry.npmjs.org/@asamuzakjp%2fcss-color set size:undefined disposed:false
48 silly fetch manifest lru-cache@^11.3.5
49 silly packumentCache full:https://registry.npmjs.org/lru-cache cache-miss
50 http fetch GET 200 https://registry.npmjs.org/is-potential-custom-element-name 48ms (cache miss)
51 silly packumentCache full:https://registry.npmjs.org/is-potential-custom-element-name set size:undefined disposed:false
52 silly fetch manifest parse5@^8.0.1
53 silly packumentCache full:https://registry.npmjs.org/parse5 cache-miss
54 http fetch GET 200 https://registry.npmjs.org/parse5 47ms (cache miss)
55 silly packumentCache full:https://registry.npmjs.org/parse5 set size:undefined disposed:false
56 silly fetch manifest saxes@^6.0.0
57 silly packumentCache full:https://registry.npmjs.org/saxes cache-miss
58 http fetch GET 200 https://registry.npmjs.org/decimal.js 174ms (cache miss)
59 silly packumentCache full:https://registry.npmjs.org/decimal.js set size:undefined disposed:false
60 silly fetch manifest symbol-tree@^3.2.4
61 silly packumentCache full:https://registry.npmjs.org/symbol-tree cache-miss
62 http fetch GET 200 https://registry.npmjs.org/lru-cache 91ms (cache miss)
63 silly packumentCache full:https://registry.npmjs.org/lru-cache set size:undefined disposed:false
64 silly fetch manifest tough-cookie@^6.0.1
65 silly packumentCache full:https://registry.npmjs.org/tough-cookie cache-miss
66 http fetch GET 200 https://registry.npmjs.org/html-encoding-sniffer 213ms (cache miss)
67 silly packumentCache full:https://registry.npmjs.org/html-encoding-sniffer set size:undefined disposed:false
68 silly fetch manifest undici@^7.25.0
69 silly packumentCache full:https://registry.npmjs.org/undici cache-miss
70 http fetch GET 200 https://registry.npmjs.org/@csstools%2fcss-syntax-patches-for-csstree 225ms (cache miss)
71 silly packumentCache full:https://registry.npmjs.org/@csstools%2fcss-syntax-patches-for-csstree set size:undefined disposed:false
72 silly fetch manifest w3c-xmlserializer@^5.0.0
73 silly packumentCache full:https://registry.npmjs.org/w3c-xmlserializer cache-miss
74 http fetch GET 200 https://registry.npmjs.org/@bramus%2fspecificity 233ms (cache miss)
75 silly packumentCache full:https://registry.npmjs.org/@bramus%2fspecificity set size:undefined disposed:false
76 silly fetch manifest webidl-conversions@^8.0.1
77 silly packumentCache full:https://registry.npmjs.org/webidl-conversions cache-miss
78 http fetch GET 200 https://registry.npmjs.org/@exodus%2fbytes 237ms (cache miss)
79 silly packumentCache full:https://registry.npmjs.org/@exodus%2fbytes set size:undefined disposed:false
80 silly fetch manifest whatwg-mimetype@^5.0.0
81 silly packumentCache full:https://registry.npmjs.org/whatwg-mimetype cache-miss
82 http fetch GET 200 https://registry.npmjs.org/symbol-tree 62ms (cache miss)
83 silly packumentCache full:https://registry.npmjs.org/symbol-tree set size:undefined disposed:false
84 silly fetch manifest whatwg-url@^16.0.1
85 silly packumentCache full:https://registry.npmjs.org/whatwg-url cache-miss
86 http fetch GET 200 https://registry.npmjs.org/saxes 68ms (cache miss)
87 silly packumentCache full:https://registry.npmjs.org/saxes set size:undefined disposed:false
88 silly fetch manifest xml-name-validator@^5.0.0
89 silly packumentCache full:https://registry.npmjs.org/xml-name-validator cache-miss
90 http fetch GET 200 https://registry.npmjs.org/data-urls 242ms (cache miss)
91 silly packumentCache full:https://registry.npmjs.org/data-urls set size:undefined disposed:false
92 http fetch GET 200 https://registry.npmjs.org/css-tree 246ms (cache miss)
93 silly packumentCache full:https://registry.npmjs.org/css-tree set size:undefined disposed:false
94 http fetch GET 200 https://registry.npmjs.org/w3c-xmlserializer 54ms (cache miss)
95 silly packumentCache full:https://registry.npmjs.org/w3c-xmlserializer set size:undefined disposed:false
96 http fetch GET 200 https://registry.npmjs.org/tough-cookie 65ms (cache miss)
97 silly packumentCache full:https://registry.npmjs.org/tough-cookie set size:undefined disposed:false
98 http fetch GET 200 https://registry.npmjs.org/xml-name-validator 38ms (cache miss)
99 silly packumentCache full:https://registry.npmjs.org/xml-name-validator set size:undefined disposed:false
100 http fetch GET 200 https://registry.npmjs.org/whatwg-mimetype 52ms (cache miss)
101 silly packumentCache full:https://registry.npmjs.org/whatwg-mimetype set size:undefined disposed:false
102 http fetch GET 200 https://registry.npmjs.org/undici 79ms (cache miss)
103 silly packumentCache full:https://registry.npmjs.org/undici set size:undefined disposed:false
104 http fetch GET 200 https://registry.npmjs.org/whatwg-url 67ms (cache miss)
105 silly packumentCache full:https://registry.npmjs.org/whatwg-url set size:undefined disposed:false
106 http fetch GET 200 https://registry.npmjs.org/webidl-conversions 105ms (cache miss)
107 silly packumentCache full:https://registry.npmjs.org/webidl-conversions set size:undefined disposed:false
108 silly fetch manifest @noble/hashes@^1.8.0 || ^2.0.0
109 silly packumentCache full:https://registry.npmjs.org/@noble%2fhashes cache-miss
110 http fetch GET 200 https://registry.npmjs.org/@noble%2fhashes 58ms (cache miss)
111 silly packumentCache full:https://registry.npmjs.org/@noble%2fhashes set size:undefined disposed:false
112 silly placeDep ROOT @asamuzakjp/css-color@5.1.11 OK for: jsdom@29.1.1 want: ^5.1.11
113 silly placeDep ROOT @asamuzakjp/dom-selector@7.1.1 OK for: jsdom@29.1.1 want: ^7.1.1
114 silly placeDep ROOT @bramus/specificity@2.4.2 OK for: jsdom@29.1.1 want: ^2.4.2
115 silly placeDep ROOT @csstools/css-syntax-patches-for-csstree@1.1.4 OK for: jsdom@29.1.1 want: ^1.1.3
116 silly placeDep ROOT @exodus/bytes@1.15.1 OK for: jsdom@29.1.1 want: ^1.15.0
117 silly placeDep ROOT css-tree@3.2.1 OK for: jsdom@29.1.1 want: ^3.2.1
118 silly placeDep ROOT data-urls@7.0.0 OK for: jsdom@29.1.1 want: ^7.0.0
119 silly placeDep ROOT decimal.js@10.6.0 OK for: jsdom@29.1.1 want: ^10.6.0
120 silly placeDep ROOT html-encoding-sniffer@6.0.0 OK for: jsdom@29.1.1 want: ^6.0.0
121 silly placeDep ROOT is-potential-custom-element-name@1.0.1 OK for: jsdom@29.1.1 want: ^1.0.1
122 silly placeDep ROOT lru-cache@11.5.1 OK for: jsdom@29.1.1 want: ^11.3.5
123 silly placeDep ROOT parse5@8.0.1 OK for: jsdom@29.1.1 want: ^8.0.1
124 silly placeDep ROOT saxes@6.0.0 OK for: jsdom@29.1.1 want: ^6.0.0
125 silly placeDep ROOT symbol-tree@3.2.4 OK for: jsdom@29.1.1 want: ^3.2.4
126 silly placeDep ROOT tough-cookie@6.0.1 OK for: jsdom@29.1.1 want: ^6.0.1
127 silly placeDep ROOT undici@7.26.0 OK for: jsdom@29.1.1 want: ^7.25.0
128 silly placeDep ROOT w3c-xmlserializer@5.0.0 OK for: jsdom@29.1.1 want: ^5.0.0
129 silly placeDep ROOT webidl-conversions@8.0.1 OK for: jsdom@29.1.1 want: ^8.0.1
130 silly placeDep ROOT whatwg-mimetype@5.0.0 OK for: jsdom@29.1.1 want: ^5.0.0
131 silly placeDep ROOT whatwg-url@16.0.1 OK for: jsdom@29.1.1 want: ^16.0.1
132 silly placeDep ROOT xml-name-validator@5.0.0 OK for: jsdom@29.1.1 want: ^5.0.0
133 silly fetch manifest @csstools/css-calc@^3.2.0
134 silly packumentCache full:https://registry.npmjs.org/@csstools%2fcss-calc cache-miss
135 silly fetch manifest @csstools/css-tokenizer@^4.0.0
136 silly packumentCache full:https://registry.npmjs.org/@csstools%2fcss-tokenizer cache-miss
137 silly fetch manifest @csstools/css-color-parser@^4.1.0
138 silly packumentCache full:https://registry.npmjs.org/@csstools%2fcss-color-parser cache-miss
139 silly fetch manifest @asamuzakjp/generational-cache@^1.0.1
140 silly packumentCache full:https://registry.npmjs.org/@asamuzakjp%2fgenerational-cache cache-miss
141 silly fetch manifest @csstools/css-parser-algorithms@^4.0.0
142 silly packumentCache full:https://registry.npmjs.org/@csstools%2fcss-parser-algorithms cache-miss
143 silly fetch manifest bidi-js@^1.0.3
144 silly packumentCache full:https://registry.npmjs.org/bidi-js cache-miss
145 silly fetch manifest @asamuzakjp/nwsapi@^2.3.9
146 silly packumentCache full:https://registry.npmjs.org/@asamuzakjp%2fnwsapi cache-miss
147 silly fetch manifest @asamuzakjp/generational-cache@^1.0.1
148 silly packumentCache full:https://registry.npmjs.org/@asamuzakjp%2fgenerational-cache cache-miss
149 silly fetch manifest css-tree@^3.0.0
150 silly packumentCache full:https://registry.npmjs.org/css-tree cache-miss
151 http cache https://registry.npmjs.org/css-tree 42ms (cache hit)
152 silly packumentCache full:https://registry.npmjs.org/css-tree set size:229638 disposed:false
153 silly fetch manifest mdn-data@2.27.1
154 silly packumentCache full:https://registry.npmjs.org/mdn-data cache-miss
155 http fetch GET 200 https://registry.npmjs.org/@csstools%2fcss-tokenizer 66ms (cache miss)
156 silly packumentCache full:https://registry.npmjs.org/@csstools%2fcss-tokenizer set size:undefined disposed:false
157 silly fetch manifest source-map-js@^1.2.1
158 silly packumentCache full:https://registry.npmjs.org/source-map-js cache-miss
159 http fetch GET 200 https://registry.npmjs.org/bidi-js 67ms (cache miss)
160 silly packumentCache full:https://registry.npmjs.org/bidi-js set size:undefined disposed:false
161 silly fetch manifest whatwg-url@^16.0.0
162 silly packumentCache full:https://registry.npmjs.org/whatwg-url cache-miss
163 http fetch GET 200 https://registry.npmjs.org/@asamuzakjp%2fgenerational-cache 71ms (cache miss)
164 silly packumentCache full:https://registry.npmjs.org/@asamuzakjp%2fgenerational-cache set size:undefined disposed:false
165 silly fetch manifest entities@^8.0.0
166 silly packumentCache full:https://registry.npmjs.org/entities cache-miss
167 http fetch GET 200 https://registry.npmjs.org/@asamuzakjp%2fgenerational-cache 73ms (cache miss)
168 silly packumentCache full:https://registry.npmjs.org/@asamuzakjp%2fgenerational-cache set size:undefined disposed:false
169 silly fetch manifest xmlchars@^2.2.0
170 silly packumentCache full:https://registry.npmjs.org/xmlchars cache-miss
171 http fetch GET 200 https://registry.npmjs.org/@csstools%2fcss-color-parser 76ms (cache miss)
172 silly packumentCache full:https://registry.npmjs.org/@csstools%2fcss-color-parser set size:undefined disposed:false
173 silly fetch manifest tldts@^7.0.5
174 silly packumentCache full:https://registry.npmjs.org/tldts cache-miss
175 http fetch GET 200 https://registry.npmjs.org/@csstools%2fcss-parser-algorithms 76ms (cache miss)
176 silly packumentCache full:https://registry.npmjs.org/@csstools%2fcss-parser-algorithms set size:undefined disposed:false
177 silly fetch manifest tr46@^6.0.0
178 silly packumentCache full:https://registry.npmjs.org/tr46 cache-miss
179 http fetch GET 200 https://registry.npmjs.org/@asamuzakjp%2fnwsapi 77ms (cache miss)
180 silly packumentCache full:https://registry.npmjs.org/@asamuzakjp%2fnwsapi set size:undefined disposed:false
181 http fetch GET 200 https://registry.npmjs.org/@csstools%2fcss-calc 88ms (cache miss)
182 silly packumentCache full:https://registry.npmjs.org/@csstools%2fcss-calc set size:undefined disposed:false
183 http fetch GET 200 https://registry.npmjs.org/mdn-data 44ms (cache miss)
184 silly packumentCache full:https://registry.npmjs.org/mdn-data set size:undefined disposed:false
185 http cache https://registry.npmjs.org/whatwg-url 34ms (cache hit)
186 silly packumentCache full:https://registry.npmjs.org/whatwg-url set size:170765 disposed:false
187 http fetch GET 200 https://registry.npmjs.org/xmlchars 45ms (cache miss)
188 silly packumentCache full:https://registry.npmjs.org/xmlchars set size:undefined disposed:false
189 http fetch GET 200 https://registry.npmjs.org/source-map-js 60ms (cache miss)
190 silly packumentCache full:https://registry.npmjs.org/source-map-js set size:undefined disposed:false
191 http fetch GET 200 https://registry.npmjs.org/entities 63ms (cache miss)
192 silly packumentCache full:https://registry.npmjs.org/entities set size:undefined disposed:false
193 http fetch GET 200 https://registry.npmjs.org/tr46 61ms (cache miss)
194 silly packumentCache full:https://registry.npmjs.org/tr46 set size:undefined disposed:false
195 http fetch GET 200 https://registry.npmjs.org/tldts 106ms (cache miss)
196 silly packumentCache full:https://registry.npmjs.org/tldts set size:undefined disposed:false
197 silly placeDep ROOT @asamuzakjp/generational-cache@1.0.1 OK for: @asamuzakjp/css-color@5.1.11 want: ^1.0.1
198 silly placeDep ROOT @csstools/css-calc@3.2.1 OK for: @asamuzakjp/css-color@5.1.11 want: ^3.2.0
199 silly placeDep ROOT @csstools/css-parser-algorithms@4.0.0 OK for: @csstools/css-calc@3.2.1 want: ^4.0.0
200 silly placeDep ROOT @csstools/css-tokenizer@4.0.0 OK for: @csstools/css-parser-algorithms@4.0.0 want: ^4.0.0
201 silly placeDep ROOT @csstools/css-color-parser@4.1.1 OK for: @asamuzakjp/css-color@5.1.11 want: ^4.1.0
202 silly fetch manifest @csstools/color-helpers@^6.0.2
203 silly packumentCache full:https://registry.npmjs.org/@csstools%2fcolor-helpers cache-miss
204 http fetch GET 200 https://registry.npmjs.org/@csstools%2fcolor-helpers 189ms (cache miss)
205 silly packumentCache full:https://registry.npmjs.org/@csstools%2fcolor-helpers set size:undefined disposed:false
206 silly placeDep ROOT @asamuzakjp/nwsapi@2.3.9 OK for: @asamuzakjp/dom-selector@7.1.1 want: ^2.3.9
207 silly placeDep ROOT bidi-js@1.0.3 OK for: @asamuzakjp/dom-selector@7.1.1 want: ^1.0.3
208 silly fetch manifest require-from-string@^2.0.2
209 silly packumentCache full:https://registry.npmjs.org/require-from-string cache-miss
210 http fetch GET 200 https://registry.npmjs.org/require-from-string 47ms (cache miss)
211 silly packumentCache full:https://registry.npmjs.org/require-from-string set size:undefined disposed:false
212 silly placeDep ROOT @csstools/color-helpers@6.0.2 OK for: @csstools/css-color-parser@4.1.1 want: ^6.0.2
213 silly placeDep ROOT require-from-string@2.0.2 OK for: bidi-js@1.0.3 want: ^2.0.2
214 silly placeDep ROOT mdn-data@2.27.1 OK for: css-tree@3.2.1 want: 2.27.1
215 silly placeDep ROOT source-map-js@1.2.1 OK for: css-tree@3.2.1 want: ^1.2.1
216 silly placeDep ROOT entities@8.0.0 OK for: parse5@8.0.1 want: ^8.0.0
217 silly placeDep ROOT xmlchars@2.2.0 OK for: saxes@6.0.0 want: ^2.2.0
218 silly placeDep ROOT tldts@7.4.2 OK for: tough-cookie@6.0.1 want: ^7.0.5
219 silly fetch manifest tldts-core@^7.4.2
220 silly packumentCache full:https://registry.npmjs.org/tldts-core cache-miss
221 http fetch GET 200 https://registry.npmjs.org/tldts-core 158ms (cache miss)
222 silly packumentCache full:https://registry.npmjs.org/tldts-core set size:undefined disposed:false
223 silly placeDep ROOT tldts-core@7.4.2 OK for: tldts@7.4.2 want: ^7.4.2
224 silly placeDep ROOT tr46@6.0.0 OK for: whatwg-url@16.0.1 want: ^6.0.0
225 silly fetch manifest punycode@^2.3.1
226 silly packumentCache full:https://registry.npmjs.org/punycode cache-miss
227 http fetch GET 200 https://registry.npmjs.org/punycode 37ms (cache miss)
228 silly packumentCache full:https://registry.npmjs.org/punycode set size:undefined disposed:false
229 silly placeDep ROOT punycode@2.3.1 OK for: tr46@6.0.0 want: ^2.3.1
230 silly reify moves {}
231 http cache tldts-core@https://registry.npmjs.org/tldts-core/-/tldts-core-7.4.2.tgz 0ms (cache hit)
232 http cache tr46@https://registry.npmjs.org/tr46/-/tr46-6.0.0.tgz 0ms (cache hit)
233 http cache tldts@https://registry.npmjs.org/tldts/-/tldts-7.4.2.tgz 0ms (cache hit)
234 http cache xmlchars@https://registry.npmjs.org/xmlchars/-/xmlchars-2.2.0.tgz 0ms (cache hit)
235 http cache mdn-data@https://registry.npmjs.org/mdn-data/-/mdn-data-2.27.1.tgz 0ms (cache hit)
236 http cache require-from-string@https://registry.npmjs.org/require-from-string/-/require-from-string-2.0.2.tgz 0ms (cache hit)
237 http cache punycode@https://registry.npmjs.org/punycode/-/punycode-2.3.1.tgz 0ms (cache hit)
238 http cache @csstools/color-helpers@https://registry.npmjs.org/@csstools/color-helpers/-/color-helpers-6.0.2.tgz 0ms (cache hit)
239 http cache source-map-js@https://registry.npmjs.org/source-map-js/-/source-map-js-1.2.1.tgz 0ms (cache hit)
240 http cache bidi-js@https://registry.npmjs.org/bidi-js/-/bidi-js-1.0.3.tgz 0ms (cache hit)
241 http cache @asamuzakjp/nwsapi@https://registry.npmjs.org/@asamuzakjp/nwsapi/-/nwsapi-2.3.9.tgz 0ms (cache hit)
242 http cache @csstools/css-color-parser@https://registry.npmjs.org/@csstools/css-color-parser/-/css-color-parser-4.1.1.tgz 0ms (cache hit)
243 http cache @csstools/css-tokenizer@https://registry.npmjs.org/@csstools/css-tokenizer/-/css-tokenizer-4.0.0.tgz 0ms (cache hit)
244 http cache @csstools/css-calc@https://registry.npmjs.org/@csstools/css-calc/-/css-calc-3.2.1.tgz 0ms (cache hit)
245 http cache @csstools/css-parser-algorithms@https://registry.npmjs.org/@csstools/css-parser-algorithms/-/css-parser-algorithms-4.0.0.tgz 0ms (cache hit)
246 http cache @asamuzakjp/generational-cache@https://registry.npmjs.org/@asamuzakjp/generational-cache/-/generational-cache-1.0.1.tgz 0ms (cache hit)
247 http cache entities@https://registry.npmjs.org/entities/-/entities-8.0.0.tgz 0ms (cache hit)
248 http cache whatwg-url@https://registry.npmjs.org/whatwg-url/-/whatwg-url-16.0.1.tgz 0ms (cache hit)
249 http cache webidl-conversions@https://registry.npmjs.org/webidl-conversions/-/webidl-conversions-8.0.1.tgz 0ms (cache hit)
250 http cache whatwg-mimetype@https://registry.npmjs.org/whatwg-mimetype/-/whatwg-mimetype-5.0.0.tgz 0ms (cache hit)
251 http cache undici@https://registry.npmjs.org/undici/-/undici-7.26.0.tgz 0ms (cache hit)
252 http cache tough-cookie@https://registry.npmjs.org/tough-cookie/-/tough-cookie-6.0.1.tgz 0ms (cache hit)
253 http cache w3c-xmlserializer@https://registry.npmjs.org/w3c-xmlserializer/-/w3c-xmlserializer-5.0.0.tgz 0ms (cache hit)
254 http cache saxes@https://registry.npmjs.org/saxes/-/saxes-6.0.0.tgz 0ms (cache hit)
255 http cache lru-cache@https://registry.npmjs.org/lru-cache/-/lru-cache-11.5.1.tgz 0ms (cache hit)
256 http cache symbol-tree@https://registry.npmjs.org/symbol-tree/-/symbol-tree-3.2.4.tgz 0ms (cache hit)
257 http cache parse5@https://registry.npmjs.org/parse5/-/parse5-8.0.1.tgz 0ms (cache hit)
258 http cache is-potential-custom-element-name@https://registry.npmjs.org/is-potential-custom-element-name/-/is-potential-custom-element-name-1.0.1.tgz 0ms (cache hit)
259 http cache decimal.js@https://registry.npmjs.org/decimal.js/-/decimal.js-10.6.0.tgz 0ms (cache hit)
260 http cache data-urls@https://registry.npmjs.org/data-urls/-/data-urls-7.0.0.tgz 0ms (cache hit)
261 http cache @exodus/bytes@https://registry.npmjs.org/@exodus/bytes/-/bytes-1.15.1.tgz 0ms (cache hit)
262 http cache html-encoding-sniffer@https://registry.npmjs.org/html-encoding-sniffer/-/html-encoding-sniffer-6.0.0.tgz 0ms (cache hit)
263 http cache css-tree@https://registry.npmjs.org/css-tree/-/css-tree-3.2.1.tgz 0ms (cache hit)
264 http cache @csstools/css-syntax-patches-for-csstree@https://registry.npmjs.org/@csstools/css-syntax-patches-for-csstree/-/css-syntax-patches-for-csstree-1.1.4.tgz 0ms (cache hit)
265 http cache xml-name-validator@https://registry.npmjs.org/xml-name-validator/-/xml-name-validator-5.0.0.tgz 0ms (cache hit)
266 silly tarball no local data for tldts-core@https://registry.npmjs.org/tldts-core/-/tldts-core-7.4.2.tgz. Extracting by manifest.
267 silly tarball no local data for tr46@https://registry.npmjs.org/tr46/-/tr46-6.0.0.tgz. Extracting by manifest.
268 silly tarball no local data for tldts@https://registry.npmjs.org/tldts/-/tldts-7.4.2.tgz. Extracting by manifest.
269 http cache @bramus/specificity@https://registry.npmjs.org/@bramus/specificity/-/specificity-2.4.2.tgz 0ms (cache hit)
270 silly tarball no local data for xmlchars@https://registry.npmjs.org/xmlchars/-/xmlchars-2.2.0.tgz. Extracting by manifest.
271 silly tarball no local data for mdn-data@https://registry.npmjs.org/mdn-data/-/mdn-data-2.27.1.tgz. Extracting by manifest.
272 silly tarball no local data for require-from-string@https://registry.npmjs.org/require-from-string/-/require-from-string-2.0.2.tgz. Extracting by manifest.
273 silly tarball no local data for punycode@https://registry.npmjs.org/punycode/-/punycode-2.3.1.tgz. Extracting by manifest.
274 silly tarball no local data for @csstools/color-helpers@https://registry.npmjs.org/@csstools/color-helpers/-/color-helpers-6.0.2.tgz. Extracting by manifest.
275 silly tarball no local data for source-map-js@https://registry.npmjs.org/source-map-js/-/source-map-js-1.2.1.tgz. Extracting by manifest.
276 silly tarball no local data for bidi-js@https://registry.npmjs.org/bidi-js/-/bidi-js-1.0.3.tgz. Extracting by manifest.
277 silly tarball no local data for @asamuzakjp/nwsapi@https://registry.npmjs.org/@asamuzakjp/nwsapi/-/nwsapi-2.3.9.tgz. Extracting by manifest.
278 silly tarball no local data for @csstools/css-color-parser@https://registry.npmjs.org/@csstools/css-color-parser/-/css-color-parser-4.1.1.tgz. Extracting by manifest.
279 silly tarball no local data for @csstools/css-tokenizer@https://registry.npmjs.org/@csstools/css-tokenizer/-/css-tokenizer-4.0.0.tgz. Extracting by manifest.
280 silly tarball no local data for @csstools/css-calc@https://registry.npmjs.org/@csstools/css-calc/-/css-calc-3.2.1.tgz. Extracting by manifest.
281 silly tarball no local data for @csstools/css-parser-algorithms@https://registry.npmjs.org/@csstools/css-parser-algorithms/-/css-parser-algorithms-4.0.0.tgz. Extracting by manifest.
282 http cache @asamuzakjp/css-color@https://registry.npmjs.org/@asamuzakjp/css-color/-/css-color-5.1.11.tgz 0ms (cache hit)
283 silly tarball no local data for @asamuzakjp/generational-cache@https://registry.npmjs.org/@asamuzakjp/generational-cache/-/generational-cache-1.0.1.tgz. Extracting by manifest.
284 http cache jsdom@https://registry.npmjs.org/jsdom/-/jsdom-29.1.1.tgz 0ms (cache hit)
285 http cache @asamuzakjp/dom-selector@https://registry.npmjs.org/@asamuzakjp/dom-selector/-/dom-selector-7.1.1.tgz 0ms (cache hit)
286 silly tarball no local data for entities@https://registry.npmjs.org/entities/-/entities-8.0.0.tgz. Extracting by manifest.
287 silly tarball no local data for whatwg-url@https://registry.npmjs.org/whatwg-url/-/whatwg-url-16.0.1.tgz. Extracting by manifest.
288 silly tarball no local data for webidl-conversions@https://registry.npmjs.org/webidl-conversions/-/webidl-conversions-8.0.1.tgz. Extracting by manifest.
289 silly tarball no local data for whatwg-mimetype@https://registry.npmjs.org/whatwg-mimetype/-/whatwg-mimetype-5.0.0.tgz. Extracting by manifest.
290 silly tarball no local data for undici@https://registry.npmjs.org/undici/-/undici-7.26.0.tgz. Extracting by manifest.
291 silly tarball no local data for tough-cookie@https://registry.npmjs.org/tough-cookie/-/tough-cookie-6.0.1.tgz. Extracting by manifest.
292 silly tarball no local data for w3c-xmlserializer@https://registry.npmjs.org/w3c-xmlserializer/-/w3c-xmlserializer-5.0.0.tgz. Extracting by manifest.
293 silly tarball no local data for saxes@https://registry.npmjs.org/saxes/-/saxes-6.0.0.tgz. Extracting by manifest.
294 silly tarball no local data for lru-cache@https://registry.npmjs.org/lru-cache/-/lru-cache-11.5.1.tgz. Extracting by manifest.
295 silly tarball no local data for symbol-tree@https://registry.npmjs.org/symbol-tree/-/symbol-tree-3.2.4.tgz. Extracting by manifest.
296 silly tarball no local data for parse5@https://registry.npmjs.org/parse5/-/parse5-8.0.1.tgz. Extracting by manifest.
297 silly tarball no local data for is-potential-custom-element-name@https://registry.npmjs.org/is-potential-custom-element-name/-/is-potential-custom-element-name-1.0.1.tgz. Extracting by manifest.
298 silly tarball no local data for decimal.js@https://registry.npmjs.org/decimal.js/-/decimal.js-10.6.0.tgz. Extracting by manifest.
299 silly tarball no local data for data-urls@https://registry.npmjs.org/data-urls/-/data-urls-7.0.0.tgz. Extracting by manifest.
300 silly tarball no local data for @exodus/bytes@https://registry.npmjs.org/@exodus/bytes/-/bytes-1.15.1.tgz. Extracting by manifest.
301 silly tarball no local data for html-encoding-sniffer@https://registry.npmjs.org/html-encoding-sniffer/-/html-encoding-sniffer-6.0.0.tgz. Extracting by manifest.
302 silly tarball no local data for css-tree@https://registry.npmjs.org/css-tree/-/css-tree-3.2.1.tgz. Extracting by manifest.
303 silly tarball no local data for @csstools/css-syntax-patches-for-csstree@https://registry.npmjs.org/@csstools/css-syntax-patches-for-csstree/-/css-syntax-patches-for-csstree-1.1.4.tgz. Extracting by manifest.
304 silly tarball no local data for xml-name-validator@https://registry.npmjs.org/xml-name-validator/-/xml-name-validator-5.0.0.tgz. Extracting by manifest.
305 silly tarball no local data for @bramus/specificity@https://registry.npmjs.org/@bramus/specificity/-/specificity-2.4.2.tgz. Extracting by manifest.
306 silly tarball no local data for @asamuzakjp/css-color@https://registry.npmjs.org/@asamuzakjp/css-color/-/css-color-5.1.11.tgz. Extracting by manifest.
307 silly tarball no local data for jsdom@https://registry.npmjs.org/jsdom/-/jsdom-29.1.1.tgz. Extracting by manifest.
308 silly tarball no local data for @asamuzakjp/dom-selector@https://registry.npmjs.org/@asamuzakjp/dom-selector/-/dom-selector-7.1.1.tgz. Extracting by manifest.
309 http fetch GET 200 https://registry.npmjs.org/punycode/-/punycode-2.3.1.tgz 135ms (cache miss)
310 http fetch GET 200 https://registry.npmjs.org/require-from-string/-/require-from-string-2.0.2.tgz 139ms (cache miss)
311 http fetch GET 200 https://registry.npmjs.org/webidl-conversions/-/webidl-conversions-8.0.1.tgz 157ms (cache miss)
312 http fetch GET 200 https://registry.npmjs.org/@csstools/color-helpers/-/color-helpers-6.0.2.tgz 166ms (cache miss)
313 http fetch GET 200 https://registry.npmjs.org/whatwg-mimetype/-/whatwg-mimetype-5.0.0.tgz 178ms (cache miss)
314 http fetch GET 200 https://registry.npmjs.org/w3c-xmlserializer/-/w3c-xmlserializer-5.0.0.tgz 184ms (cache miss)
315 http fetch GET 200 https://registry.npmjs.org/tr46/-/tr46-6.0.0.tgz 203ms (cache miss)
316 http fetch GET 200 https://registry.npmjs.org/is-potential-custom-element-name/-/is-potential-custom-element-name-1.0.1.tgz 197ms (cache miss)
317 http fetch GET 200 https://registry.npmjs.org/symbol-tree/-/symbol-tree-3.2.4.tgz 197ms (cache miss)
318 http fetch GET 200 https://registry.npmjs.org/@asamuzakjp/generational-cache/-/generational-cache-1.0.1.tgz 202ms (cache miss)
319 http fetch GET 200 https://registry.npmjs.org/data-urls/-/data-urls-7.0.0.tgz 198ms (cache miss)
320 http fetch GET 200 https://registry.npmjs.org/saxes/-/saxes-6.0.0.tgz 204ms (cache miss)
321 http fetch GET 200 https://registry.npmjs.org/html-encoding-sniffer/-/html-encoding-sniffer-6.0.0.tgz 213ms (cache miss)
322 http fetch GET 200 https://registry.npmjs.org/whatwg-url/-/whatwg-url-16.0.1.tgz 218ms (cache miss)
323 http fetch GET 200 https://registry.npmjs.org/source-map-js/-/source-map-js-1.2.1.tgz 225ms (cache miss)
324 http fetch GET 200 https://registry.npmjs.org/decimal.js/-/decimal.js-10.6.0.tgz 220ms (cache miss)
325 http fetch GET 200 https://registry.npmjs.org/xmlchars/-/xmlchars-2.2.0.tgz 232ms (cache miss)
326 http fetch GET 200 https://registry.npmjs.org/tough-cookie/-/tough-cookie-6.0.1.tgz 262ms (cache miss)
327 http fetch GET 200 https://registry.npmjs.org/mdn-data/-/mdn-data-2.27.1.tgz 268ms (cache miss)
328 http fetch GET 200 https://registry.npmjs.org/xml-name-validator/-/xml-name-validator-5.0.0.tgz 271ms (cache miss)
329 http fetch GET 200 https://registry.npmjs.org/bidi-js/-/bidi-js-1.0.3.tgz 306ms (cache miss)
330 http fetch GET 200 https://registry.npmjs.org/@asamuzakjp/nwsapi/-/nwsapi-2.3.9.tgz 319ms (cache miss)
331 http fetch GET 200 https://registry.npmjs.org/@csstools/css-syntax-patches-for-csstree/-/css-syntax-patches-for-csstree-1.1.4.tgz 312ms (cache miss)
332 http fetch GET 200 https://registry.npmjs.org/parse5/-/parse5-8.0.1.tgz 318ms (cache miss)
333 http fetch GET 200 https://registry.npmjs.org/@csstools/css-parser-algorithms/-/css-parser-algorithms-4.0.0.tgz 324ms (cache miss)
334 http fetch GET 200 https://registry.npmjs.org/@csstools/css-color-parser/-/css-color-parser-4.1.1.tgz 326ms (cache miss)
335 http fetch GET 200 https://registry.npmjs.org/@csstools/css-calc/-/css-calc-3.2.1.tgz 326ms (cache miss)
336 http fetch GET 200 https://registry.npmjs.org/@csstools/css-tokenizer/-/css-tokenizer-4.0.0.tgz 328ms (cache miss)
337 http fetch GET 200 https://registry.npmjs.org/@asamuzakjp/dom-selector/-/dom-selector-7.1.1.tgz 334ms (cache miss)
338 http fetch GET 200 https://registry.npmjs.org/entities/-/entities-8.0.0.tgz 381ms (cache miss)
339 http fetch GET 200 https://registry.npmjs.org/@bramus/specificity/-/specificity-2.4.2.tgz 372ms (cache miss)
340 http fetch GET 200 https://registry.npmjs.org/@exodus/bytes/-/bytes-1.15.1.tgz 383ms (cache miss)
341 http fetch GET 200 https://registry.npmjs.org/tldts/-/tldts-7.4.2.tgz 406ms (cache miss)
342 http fetch GET 200 https://registry.npmjs.org/tldts-core/-/tldts-core-7.4.2.tgz 434ms (cache miss)
343 http fetch GET 200 https://registry.npmjs.org/@asamuzakjp/css-color/-/css-color-5.1.11.tgz 407ms (cache miss)
344 http fetch GET 200 https://registry.npmjs.org/lru-cache/-/lru-cache-11.5.1.tgz 475ms (cache miss)
345 http fetch GET 200 https://registry.npmjs.org/undici/-/undici-7.26.0.tgz 492ms (cache miss)
346 http fetch GET 200 https://registry.npmjs.org/css-tree/-/css-tree-3.2.1.tgz 549ms (cache miss)
347 http fetch GET 200 https://registry.npmjs.org/jsdom/-/jsdom-29.1.1.tgz 645ms (cache miss)
348 silly ADD node_modules/punycode
349 silly ADD node_modules/tr46
350 silly ADD node_modules/tldts-core
351 silly ADD node_modules/tldts
352 silly ADD node_modules/xmlchars
353 silly ADD node_modules/entities
354 silly ADD node_modules/source-map-js
355 silly ADD node_modules/mdn-data
356 silly ADD node_modules/require-from-string
357 silly ADD node_modules/@csstools/color-helpers
358 silly ADD node_modules/bidi-js
359 silly ADD node_modules/@asamuzakjp/nwsapi
360 silly ADD node_modules/@csstools/css-color-parser
361 silly ADD node_modules/@csstools/css-tokenizer
362 silly ADD node_modules/@csstools/css-parser-algorithms
363 silly ADD node_modules/@csstools/css-calc
364 silly ADD node_modules/@asamuzakjp/generational-cache
365 silly ADD node_modules/xml-name-validator
366 silly ADD node_modules/whatwg-url
367 silly ADD node_modules/whatwg-mimetype
368 silly ADD node_modules/webidl-conversions
369 silly ADD node_modules/w3c-xmlserializer
370 silly ADD node_modules/undici
371 silly ADD node_modules/tough-cookie
372 silly ADD node_modules/symbol-tree
373 silly ADD node_modules/saxes
374 silly ADD node_modules/parse5
375 silly ADD node_modules/lru-cache
376 silly ADD node_modules/is-potential-custom-element-name
377 silly ADD node_modules/html-encoding-sniffer
378 silly ADD node_modules/decimal.js
379 silly ADD node_modules/data-urls
380 silly ADD node_modules/css-tree
381 silly ADD node_modules/@exodus/bytes
382 silly ADD node_modules/@csstools/css-syntax-patches-for-csstree
383 silly ADD node_modules/@bramus/specificity
384 silly ADD node_modules/@asamuzakjp/dom-selector
385 silly ADD node_modules/@asamuzakjp/css-color
386 silly ADD node_modules/jsdom
387 verbose cwd /Users/inik/Documents/git/niks-crappy-dnd-compendium
388 verbose os Darwin 25.3.0
389 verbose node v25.6.0
390 verbose npm  v11.8.0
391 notice
391 notice New minor version of npm available! 11.8.0 -> 11.16.0
391 notice Changelog: https://github.com/npm/cli/releases/tag/v11.16.0
391 notice To update run: npm install -g npm@11.16.0
391 notice  { force: true, Symbol(proc-log.meta): true }
392 verbose exit 0
393 info ok
